<?xml version="1.0" encoding="UTF-8"?>
<!-- Generated by org.testng.reporters.JUnitReportReporter -->
<testsuite skipped="0" hostname="HP" name="DemoPackage.LibraryAPI" tests="3" failures="0" timestamp="19 Apr 2020 14:27:09 GMT" time="6.533" errors="0">
  <testcase name="f" time="5.898" classname="DemoPackage.LibraryAPI"/>
  <testcase name="f" time="0.375" classname="DemoPackage.LibraryAPI"/>
  <testcase name="f" time="0.260" classname="DemoPackage.LibraryAPI"/>
</testsuite> <!-- DemoPackage.LibraryAPI -->
