<?xml version="1.0" encoding="UTF-8"?>
<!-- Generated by org.testng.reporters.JUnitReportReporter -->
<testsuite skipped="0" hostname="HP" name="DemoPackage.ApiPriceValidation" tests="1" failures="0" timestamp="18 Apr 2020 10:05:14 GMT" time="4.001" errors="0">
  <testcase name="f" time="4.001" classname="DemoPackage.ApiPriceValidation"/>
</testsuite> <!-- DemoPackage.ApiPriceValidation -->
