<?xml version="1.0" encoding="UTF-8"?>
<!-- Generated by org.testng.reporters.JUnitReportReporter -->
<testsuite skipped="0" hostname="HP" name="PayloadPackage.StaticBook" tests="1" failures="0" timestamp="19 Apr 2020 17:25:25 GMT" time="7.080" errors="0">
  <testcase name="addBook" time="7.080" classname="PayloadPackage.StaticBook"/>
</testsuite> <!-- PayloadPackage.StaticBook -->
